# JRE version: OpenJDK Runtime Environment Temurin-21.0.5+11 (21.0.5+11) (build 21.0.5+11-LTS)
# Java VM: OpenJDK 64-Bit Server VM Temurin-21.0.5+11 (21.0.5+11-LTS, mixed mode, sharing, tiered, compressed oops, compressed class ptrs, parallel gc, windows-amd64)
GC Precious Log:
 CardTable entry size: 512
 CPUs: 4 total, 4 available
 Memory: 16145M
 Large Page Support: Disabled
 NUMA Support: Disabled
 Compressed Oops: Enabled (32-bit)
 Alignments: Space 512K, Generation 512K, Heap 2M
 Heap Min Capacity: 100M
 Heap Initial Capacity: 100M
 Heap Max Capacity: 1G
 Pre-touch: Disabled
 Parallel Workers: 4
Heap:
 PSYoungGen      total 2560K, used 1652K [0x00000000eab00000, 0x00000000eaf00000, 0x0000000100000000)
  eden space 2048K, 56% used [0x00000000eab00000,0x00000000eac21018,0x00000000ead00000)
  from space 512K, 96% used [0x00000000eae80000,0x00000000eaefc010,0x00000000eaf00000)
  to   space 512K, 0% used [0x00000000eae00000,0x00000000eae00000,0x00000000eae80000)
 ParOldGen       total 391168K, used 390930K [0x00000000c0000000, 0x00000000d7e00000, 0x00000000eab00000)
  object space 391168K, 99% used [0x00000000c0000000,0x00000000d7dc4978,0x00000000d7e00000)
 Metaspace       used 92271K, committed 93888K, reserved 1179648K
  class space    used 9239K, committed 9984K, reserved 1048576K
GC Heap History (20 events):
Event: 17821.470 GC heap before
{Heap before GC invocations=2472 (full 6):
 PSYoungGen      total 2560K, used 2538K [0x00000000eab00000, 0x00000000eaf00000, 0x0000000100000000)
  eden space 2048K, 100% used [0x00000000eab00000,0x00000000ead00000,0x00000000ead00000)
  from space 512K, 95% used [0x00000000eae00000,0x00000000eae7a910,0x00000000eae80000)
  to   space 1024K, 0% used [0x00000000ead00000,0x00000000ead00000,0x00000000eae00000)
 ParOldGen       total 386560K, used 386490K [0x00000000c0000000, 0x00000000d7980000, 0x00000000eab00000)
  object space 386560K, 99% used [0x00000000c0000000,0x00000000d796ea48,0x00000000d7980000)
 Metaspace       used 92229K, committed 93888K, reserved 1179648K
  class space    used 9239K, committed 9984K, reserved 1048576K
}
Event: 17821.495 GC heap after
{Heap after GC invocations=2472 (full 6):
 PSYoungGen      total 3072K, used 608K [0x00000000eab00000, 0x00000000eaf00000, 0x0000000100000000)
  eden space 2048K, 0% used [0x00000000eab00000,0x00000000eab00000,0x00000000ead00000)
  from space 1024K, 59% used [0x00000000ead00000,0x00000000ead98000,0x00000000eae00000)
  to   space 1024K, 0% used [0x00000000eae00000,0x00000000eae00000,0x00000000eaf00000)
 ParOldGen       total 387072K, used 386955K [0x00000000c0000000, 0x00000000d7a00000, 0x00000000eab00000)
  object space 387072K, 99% used [0x00000000c0000000,0x00000000d79e2c68,0x00000000d7a00000)
 Metaspace       used 92229K, committed 93888K, reserved 1179648K
  class space    used 9239K, committed 9984K, reserved 1048576K
}
Event: 17821.871 GC heap before
{Heap before GC invocations=2473 (full 6):
 PSYoungGen      total 3072K, used 2656K [0x00000000eab00000, 0x00000000eaf00000, 0x0000000100000000)
  eden space 2048K, 100% used [0x00000000eab00000,0x00000000ead00000,0x00000000ead00000)
  from space 1024K, 59% used [0x00000000ead00000,0x00000000ead98000,0x00000000eae00000)
  to   space 1024K, 0% used [0x00000000eae00000,0x00000000eae00000,0x00000000eaf00000)
 ParOldGen       total 387072K, used 386955K [0x00000000c0000000, 0x00000000d7a00000, 0x00000000eab00000)
  object space 387072K, 99% used [0x00000000c0000000,0x00000000d79e2c68,0x00000000d7a00000)
 Metaspace       used 92230K, committed 93888K, reserved 1179648K
  class space    used 9239K, committed 9984K, reserved 1048576K
}
Event: 17821.898 GC heap after
{Heap after GC invocations=2473 (full 6):
 PSYoungGen      total 2560K, used 388K [0x00000000eab00000, 0x00000000eae80000, 0x0000000100000000)
  eden space 2048K, 0% used [0x00000000eab00000,0x00000000eab00000,0x00000000ead00000)
  from space 512K, 75% used [0x00000000eae00000,0x00000000eae61210,0x00000000eae80000)
  to   space 512K, 0% used [0x00000000ead80000,0x00000000ead80000,0x00000000eae00000)
 ParOldGen       total 387584K, used 387527K [0x00000000c0000000, 0x00000000d7a80000, 0x00000000eab00000)
  object space 387584K, 99% used [0x00000000c0000000,0x00000000d7a71c88,0x00000000d7a80000)
 Metaspace       used 92230K, committed 93888K, reserved 1179648K
  class space    used 9239K, committed 9984K, reserved 1048576K
}
Event: 17821.906 GC heap before
{Heap before GC invocations=2474 (full 6):
 PSYoungGen      total 2560K, used 2436K [0x00000000eab00000, 0x00000000eae80000, 0x0000000100000000)
  eden space 2048K, 100% used [0x00000000eab00000,0x00000000ead00000,0x00000000ead00000)
  from space 512K, 75% used [0x00000000eae00000,0x00000000eae61210,0x00000000eae80000)
  to   space 512K, 0% used [0x00000000ead80000,0x00000000ead80000,0x00000000eae00000)
 ParOldGen       total 387584K, used 387527K [0x00000000c0000000, 0x00000000d7a80000, 0x00000000eab00000)
  object space 387584K, 99% used [0x00000000c0000000,0x00000000d7a71c88,0x00000000d7a80000)
 Metaspace       used 92230K, committed 93888K, reserved 1179648K
  class space    used 9239K, committed 9984K, reserved 1048576K
}
Event: 17821.908 GC heap after
{Heap after GC invocations=2474 (full 6):
 PSYoungGen      total 2560K, used 512K [0x00000000eab00000, 0x00000000eaf00000, 0x0000000100000000)
  eden space 2048K, 0% used [0x00000000eab00000,0x00000000eab00000,0x00000000ead00000)
  from space 512K, 100% used [0x00000000ead80000,0x00000000eae00000,0x00000000eae00000)
  to   space 1024K, 0% used [0x00000000eae00000,0x00000000eae00000,0x00000000eaf00000)
 ParOldGen       total 388096K, used 387858K [0x00000000c0000000, 0x00000000d7b00000, 0x00000000eab00000)
  object space 388096K, 99% used [0x00000000c0000000,0x00000000d7ac4a90,0x00000000d7b00000)
 Metaspace       used 92230K, committed 93888K, reserved 1179648K
  class space    used 9239K, committed 9984K, reserved 1048576K
}
Event: 17822.810 GC heap before
{Heap before GC invocations=2475 (full 6):
 PSYoungGen      total 2560K, used 2560K [0x00000000eab00000, 0x00000000eaf00000, 0x0000000100000000)
  eden space 2048K, 100% used [0x00000000eab00000,0x00000000ead00000,0x00000000ead00000)
  from space 512K, 100% used [0x00000000ead80000,0x00000000eae00000,0x00000000eae00000)
  to   space 1024K, 0% used [0x00000000eae00000,0x00000000eae00000,0x00000000eaf00000)
 ParOldGen       total 388096K, used 387858K [0x00000000c0000000, 0x00000000d7b00000, 0x00000000eab00000)
  object space 388096K, 99% used [0x00000000c0000000,0x00000000d7ac4a90,0x00000000d7b00000)
 Metaspace       used 92234K, committed 93888K, reserved 1179648K
  class space    used 9239K, committed 9984K, reserved 1048576K
}
Event: 17824.490 GC heap after
{Heap after GC invocations=2475 (full 6):
 PSYoungGen      total 3072K, used 608K [0x00000000eab00000, 0x00000000eaf80000, 0x0000000100000000)
  eden space 2048K, 0% used [0x00000000eab00000,0x00000000eab00000,0x00000000ead00000)
  from space 1024K, 59% used [0x00000000eae00000,0x00000000eae98000,0x00000000eaf00000)
  to   space 1024K, 0% used [0x00000000ead00000,0x00000000ead00000,0x00000000eae00000)
 ParOldGen       total 388608K, used 388362K [0x00000000c0000000, 0x00000000d7b80000, 0x00000000eab00000)
  object space 388608K, 99% used [0x00000000c0000000,0x00000000d7b42a90,0x00000000d7b80000)
 Metaspace       used 92234K, committed 93888K, reserved 1179648K
  class space    used 9239K, committed 9984K, reserved 1048576K
}
Event: 17824.688 GC heap before
{Heap before GC invocations=2476 (full 6):
 PSYoungGen      total 3072K, used 2656K [0x00000000eab00000, 0x00000000eaf80000, 0x0000000100000000)
  eden space 2048K, 100% used [0x00000000eab00000,0x00000000ead00000,0x00000000ead00000)
  from space 1024K, 59% used [0x00000000eae00000,0x00000000eae98000,0x00000000eaf00000)
  to   space 1024K, 0% used [0x00000000ead00000,0x00000000ead00000,0x00000000eae00000)
 ParOldGen       total 388608K, used 388362K [0x00000000c0000000, 0x00000000d7b80000, 0x00000000eab00000)
  object space 388608K, 99% used [0x00000000c0000000,0x00000000d7b42a90,0x00000000d7b80000)
 Metaspace       used 92234K, committed 93888K, reserved 1179648K
  class space    used 9239K, committed 9984K, reserved 1048576K
}
Event: 17824.690 GC heap after
{Heap after GC invocations=2476 (full 6):
 PSYoungGen      total 3072K, used 442K [0x00000000eab00000, 0x00000000eaf00000, 0x0000000100000000)
  eden space 2048K, 0% used [0x00000000eab00000,0x00000000eab00000,0x00000000ead00000)
  from space 1024K, 43% used [0x00000000ead00000,0x00000000ead6e900,0x00000000eae00000)
  to   space 1024K, 0% used [0x00000000eae00000,0x00000000eae00000,0x00000000eaf00000)
 ParOldGen       total 389120K, used 388899K [0x00000000c0000000, 0x00000000d7c00000, 0x00000000eab00000)
  object space 389120K, 99% used [0x00000000c0000000,0x00000000d7bc8fa0,0x00000000d7c00000)
 Metaspace       used 92234K, committed 93888K, reserved 1179648K
  class space    used 9239K, committed 9984K, reserved 1048576K
}
Event: 17824.961 GC heap before
{Heap before GC invocations=2477 (full 6):
 PSYoungGen      total 3072K, used 2490K [0x00000000eab00000, 0x00000000eaf00000, 0x0000000100000000)
  eden space 2048K, 100% used [0x00000000eab00000,0x00000000ead00000,0x00000000ead00000)
  from space 1024K, 43% used [0x00000000ead00000,0x00000000ead6e900,0x00000000eae00000)
  to   space 1024K, 0% used [0x00000000eae00000,0x00000000eae00000,0x00000000eaf00000)
 ParOldGen       total 389120K, used 388899K [0x00000000c0000000, 0x00000000d7c00000, 0x00000000eab00000)
  object space 389120K, 99% used [0x00000000c0000000,0x00000000d7bc8fa0,0x00000000d7c00000)
 Metaspace       used 92236K, committed 93888K, reserved 1179648K
  class space    used 9239K, committed 9984K, reserved 1048576K
}
Event: 17824.964 GC heap after
{Heap after GC invocations=2477 (full 6):
 PSYoungGen      total 3072K, used 608K [0x00000000eab00000, 0x00000000eaf00000, 0x0000000100000000)
  eden space 2048K, 0% used [0x00000000eab00000,0x00000000eab00000,0x00000000ead00000)
  from space 1024K, 59% used [0x00000000eae00000,0x00000000eae98000,0x00000000eaf00000)
  to   space 1024K, 0% used [0x00000000ead00000,0x00000000ead00000,0x00000000eae00000)
 ParOldGen       total 389632K, used 389303K [0x00000000c0000000, 0x00000000d7c80000, 0x00000000eab00000)
  object space 389632K, 99% used [0x00000000c0000000,0x00000000d7c2dda8,0x00000000d7c80000)
 Metaspace       used 92236K, committed 93888K, reserved 1179648K
  class space    used 9239K, committed 9984K, reserved 1048576K
}
Event: 17826.447 GC heap before
{Heap before GC invocations=2478 (full 6):
 PSYoungGen      total 3072K, used 2656K [0x00000000eab00000, 0x00000000eaf00000, 0x0000000100000000)
  eden space 2048K, 100% used [0x00000000eab00000,0x00000000ead00000,0x00000000ead00000)
  from space 1024K, 59% used [0x00000000eae00000,0x00000000eae98000,0x00000000eaf00000)
  to   space 1024K, 0% used [0x00000000ead00000,0x00000000ead00000,0x00000000eae00000)
 ParOldGen       total 389632K, used 389303K [0x00000000c0000000, 0x00000000d7c80000, 0x00000000eab00000)
  object space 389632K, 99% used [0x00000000c0000000,0x00000000d7c2dda8,0x00000000d7c80000)
 Metaspace       used 92269K, committed 93888K, reserved 1179648K
  class space    used 9239K, committed 9984K, reserved 1048576K
}
Event: 17827.437 GC heap after
{Heap after GC invocations=2478 (full 6):
 PSYoungGen      total 3072K, used 468K [0x00000000eab00000, 0x00000000eaf80000, 0x0000000100000000)
  eden space 2048K, 0% used [0x00000000eab00000,0x00000000eab00000,0x00000000ead00000)
  from space 1024K, 45% used [0x00000000ead00000,0x00000000ead75200,0x00000000eae00000)
  to   space 1024K, 0% used [0x00000000eae80000,0x00000000eae80000,0x00000000eaf80000)
 ParOldGen       total 390144K, used 389839K [0x00000000c0000000, 0x00000000d7d00000, 0x00000000eab00000)
  object space 390144K, 99% used [0x00000000c0000000,0x00000000d7cb3dc8,0x00000000d7d00000)
 Metaspace       used 92269K, committed 93888K, reserved 1179648K
  class space    used 9239K, committed 9984K, reserved 1048576K
}
Event: 17827.504 GC heap before
{Heap before GC invocations=2479 (full 6):
 PSYoungGen      total 3072K, used 2516K [0x00000000eab00000, 0x00000000eaf80000, 0x0000000100000000)
  eden space 2048K, 100% used [0x00000000eab00000,0x00000000ead00000,0x00000000ead00000)
  from space 1024K, 45% used [0x00000000ead00000,0x00000000ead75200,0x00000000eae00000)
  to   space 1024K, 0% used [0x00000000eae80000,0x00000000eae80000,0x00000000eaf80000)
 ParOldGen       total 390144K, used 389839K [0x00000000c0000000, 0x00000000d7d00000, 0x00000000eab00000)
  object space 390144K, 99% used [0x00000000c0000000,0x00000000d7cb3dc8,0x00000000d7d00000)
 Metaspace       used 92269K, committed 93888K, reserved 1179648K
  class space    used 9239K, committed 9984K, reserved 1048576K
}
Event: 17827.506 GC heap after
{Heap after GC invocations=2479 (full 6):
 PSYoungGen      total 2560K, used 432K [0x00000000eab00000, 0x00000000eaf00000, 0x0000000100000000)
  eden space 2048K, 0% used [0x00000000eab00000,0x00000000eab00000,0x00000000ead00000)
  from space 512K, 84% used [0x00000000eae80000,0x00000000eaeec010,0x00000000eaf00000)
  to   space 512K, 0% used [0x00000000eae00000,0x00000000eae00000,0x00000000eae80000)
 ParOldGen       total 390656K, used 390189K [0x00000000c0000000, 0x00000000d7d80000, 0x00000000eab00000)
  object space 390656K, 99% used [0x00000000c0000000,0x00000000d7d0b4d8,0x00000000d7d80000)
 Metaspace       used 92269K, committed 93888K, reserved 1179648K
  class space    used 9239K, committed 9984K, reserved 1048576K
}
Event: 17830.486 GC heap before
{Heap before GC invocations=2480 (full 6):
 PSYoungGen      total 2560K, used 2480K [0x00000000eab00000, 0x00000000eaf00000, 0x0000000100000000)
  eden space 2048K, 100% used [0x00000000eab00000,0x00000000ead00000,0x00000000ead00000)
  from space 512K, 84% used [0x00000000eae80000,0x00000000eaeec010,0x00000000eaf00000)
  to   space 512K, 0% used [0x00000000eae00000,0x00000000eae00000,0x00000000eae80000)
 ParOldGen       total 390656K, used 390189K [0x00000000c0000000, 0x00000000d7d80000, 0x00000000eab00000)
  object space 390656K, 99% used [0x00000000c0000000,0x00000000d7d0b4d8,0x00000000d7d80000)
 Metaspace       used 92271K, committed 93888K, reserved 1179648K
  class space    used 9239K, committed 9984K, reserved 1048576K
}
Event: 17830.488 GC heap after
{Heap after GC invocations=2480 (full 6):
 PSYoungGen      total 2560K, used 404K [0x00000000eab00000, 0x00000000eaf00000, 0x0000000100000000)
  eden space 2048K, 0% used [0x00000000eab00000,0x00000000eab00000,0x00000000ead00000)
  from space 512K, 79% used [0x00000000eae00000,0x00000000eae65200,0x00000000eae80000)
  to   space 512K, 0% used [0x00000000eae80000,0x00000000eae80000,0x00000000eaf00000)
 ParOldGen       total 390656K, used 390573K [0x00000000c0000000, 0x00000000d7d80000, 0x00000000eab00000)
  object space 390656K, 99% used [0x00000000c0000000,0x00000000d7d6b4e8,0x00000000d7d80000)
 Metaspace       used 92271K, committed 93888K, reserved 1179648K
  class space    used 9239K, committed 9984K, reserved 1048576K
}
Event: 17830.523 GC heap before
{Heap before GC invocations=2481 (full 6):
 PSYoungGen      total 2560K, used 2452K [0x00000000eab00000, 0x00000000eaf00000, 0x0000000100000000)
  eden space 2048K, 100% used [0x00000000eab00000,0x00000000ead00000,0x00000000ead00000)
  from space 512K, 79% used [0x00000000eae00000,0x00000000eae65200,0x00000000eae80000)
  to   space 512K, 0% used [0x00000000eae80000,0x00000000eae80000,0x00000000eaf00000)
 ParOldGen       total 390656K, used 390573K [0x00000000c0000000, 0x00000000d7d80000, 0x00000000eab00000)
  object space 390656K, 99% used [0x00000000c0000000,0x00000000d7d6b4e8,0x00000000d7d80000)
 Metaspace       used 92271K, committed 93888K, reserved 1179648K
  class space    used 9239K, committed 9984K, reserved 1048576K
}
Event: 17832.884 GC heap after
{Heap after GC invocations=2481 (full 6):
 PSYoungGen      total 2560K, used 496K [0x00000000eab00000, 0x00000000eaf00000, 0x0000000100000000)
  eden space 2048K, 0% used [0x00000000eab00000,0x00000000eab00000,0x00000000ead00000)
  from space 512K, 96% used [0x00000000eae80000,0x00000000eaefc010,0x00000000eaf00000)
  to   space 512K, 0% used [0x00000000eae00000,0x00000000eae00000,0x00000000eae80000)
 ParOldGen       total 391168K, used 390930K [0x00000000c0000000, 0x00000000d7e00000, 0x00000000eab00000)
  object space 391168K, 99% used [0x00000000c0000000,0x00000000d7dc4978,0x00000000d7e00000)
 Metaspace       used 92271K, committed 93888K, reserved 1179648K
  class space    used 9239K, committed 9984K, reserved 1048576K
}

